"../../../Engine/Content/ArtTools/RenderToTexture/Enums/RenderToTexture_Enum.uasset" 0
"../../../Engine/Content/ArtTools/RenderToTexture/Enums/RenderToTexture_Flipbook_Enum.uasset" 1
"../../../Engine/Content/ArtTools/RenderToTexture/Enums/RenderToTexture_Imposter_Enum.uasset" 2
"../../../Engine/Content/EditorBlueprintResources/StandardMacros.uasset" 3
"../../../Engine/Content/ArtTools/RenderToTexture/Enums/EIntTypes.uasset" 4
"../../../Engine/Content/ArtTools/RenderToTexture/Macros/RenderToTextureFunctionLibrary.uasset" 5
"../../../Engine/Content/ArtTools/RenderToTexture/Enums/EFloatTypes.uasset" 6
"../../../Engine/Content/ArtTools/RenderToTexture/Macros/RenderToTextureMacros.uasset" 7
"../../../Engine/Content/Functions/Engine_MaterialFunctions01/Opacity/CameraDepthFade.uasset" 8
"../../../Engine/Content/EngineMaterials/T_Default_Material_Grid_M.uasset" 9
"../../../Engine/Content/EngineMaterials/T_Default_Material_Grid_N.uasset" 10
"../../../Engine/Content/EngineMaterials/WorldGridMaterial.uasset" 11
"../../../Engine/Content/ArtTools/RenderToTexture/Meshes/S_1_Unit_Plane.uasset" 12
"../../../Engine/Content/EngineMaterials/DefaultMaterial.uasset" 13
"../../../Engine/Content/BasicShapes/Cone.uasset" 14
"../../../Engine/Content/BasicShapes/Cylinder.uasset" 15
"../../../Engine/Content/BasicShapes/Plane.uasset" 16
"../../../Engine/Content/EngineMaterials/DefaultPhysicalMaterial.uasset" 17
"../../../Engine/Content/BufferVisualization/AmbientOcclusion.uasset" 18
"../../../Engine/Content/BufferVisualization/BaseColor.uasset" 19
"../../../Engine/Content/BufferVisualization/CustomDepth.uasset" 20
"../../../Engine/Content/Functions/Engine_MaterialFunctions02/Utility/VectorLength.uasset" 21
"../../../Engine/Content/BufferVisualization/CustomDepthWorldUnits.uasset" 22
"../../../Engine/Content/Functions/Engine_MaterialFunctions02/Utility/BreakOutFloat2Components.uasset" 23
"../../../Engine/Content/Functions/Engine_MaterialFunctions01/Texturing/ScaleUVsByCenter.uasset" 24
"../../../Engine/Content/Functions/Engine_MaterialFunctions02/ScreenResolution.uasset" 25
"../../../Engine/Content/Functions/Engine_MaterialFunctions02/Texturing/ScreenAlignedUVs.uasset" 26
"../../../Engine/Content/Functions/Engine_MaterialFunctions02/Utility/MakeFloat2.uasset" 27
"../../../Engine/Content/Functions/Engine_MaterialFunctions02/Utility/MakeFloat3.uasset" 28
"../../../Engine/Content/EngineMaterials/MiniFont.uasset" 29
"../../../Engine/Content/BufferVisualization/CustomStencil.uasset" 30
"../../../Engine/Content/BufferVisualization/FinalImage.uasset" 31
"../../../Engine/Content/BufferVisualization/LightingModel.uasset" 32
"../../../Engine/Content/BufferVisualization/MaterialAO.uasset" 33
"../../../Engine/Content/BufferVisualization/Metallic.uasset" 34
"../../../Engine/Content/BufferVisualization/Opacity.uasset" 35
"../../../Engine/Content/BufferVisualization/PostTonemapHDRColor.uasset" 36
"../../../Engine/Content/BufferVisualization/PreTonemapHDRColor.uasset" 37
"../../../Engine/Content/BufferVisualization/Roughness.uasset" 38
"../../../Engine/Content/BufferVisualization/SceneColor.uasset" 39
"../../../Engine/Content/BufferVisualization/SceneDepth.uasset" 40
"../../../Engine/Content/BufferVisualization/SceneDepthWorldUnits.uasset" 41
"../../../Engine/Content/BufferVisualization/SeparateTranslucencyA.uasset" 42
"../../../Engine/Content/BufferVisualization/SeparateTranslucencyRGB.uasset" 43
"../../../Engine/Content/BufferVisualization/Specular.uasset" 44
"../../../Engine/Content/BufferVisualization/SubsurfaceColor.uasset" 45
"../../../Engine/Content/BufferVisualization/WorldNormal.uasset" 46
"../../../Engine/Content/EditorBlueprintResources/ActorMacros.uasset" 47
"../../../Engine/Content/EditorLandscapeResources/DataLayer.uasset" 48
"../../../Engine/Content/EditorLandscapeResources/DefaultAlphaTexture.uasset" 49
"../../../Engine/Content/EditorLandscapeResources/LandscapeGizmoHeight_Mat.uasset" 50
"../../../Engine/Content/EditorLandscapeResources/LandscapeGizmo_Mat.uasset" 51
"../../../Engine/Content/EditorLandscapeResources/LandscapeGizmo_Mat_Copied.uasset" 52
"../../../Engine/Content/EditorLandscapeResources/SplineEditorMeshMat.uasset" 53
"../../../Engine/Content/EditorLandscapeResources/SplineEditorMesh.uasset" 54
"../../../Engine/Content/EditorMaterials/Cross.uasset" 55
"../../../Engine/Content/EditorMaterials/Cross_Mat.uasset" 56
"../../../Engine/Content/EditorMaterials/GizmoMaterial.uasset" 57
"../../../Engine/Content/Functions/Engine_MaterialFunctions02/Utility/Sign.uasset" 58
"../../../Engine/Content/Functions/Engine_MaterialFunctions02/Utility/Round.uasset" 59
"../../../Engine/Content/Functions/Engine_MaterialFunctions02/ExampleContent/Textures/flipbook.uasset" 60
"../../../Engine/Content/Functions/Engine_MaterialFunctions02/Texturing/FlipBook.uasset" 61
"../../../Engine/Content/EditorResources/T_EditorHelp.uasset" 62
"../../../Engine/Content/EditorMaterials/HelpActorMaterial.uasset" 63
"../../../Engine/Content/EditorMaterials/CompositeARGBLayer.uasset" 64
"../../../Engine/Content/EditorMaterials/TilingAALineIntegral.uasset" 65
"../../../Engine/Content/EditorMaterials/TilingAALineBoxFiltered.uasset" 66
"../../../Engine/Content/Functions/Engine_MaterialFunctions03/Procedurals/ComputeFilterWidth.uasset" 67
"../../../Engine/Content/EditorMaterials/TilingAADots.uasset" 68
"../../../Engine/Content/EditorMaterials/Cascade/CASC_Cross.uasset" 69
"../../../Engine/Content/EditorMaterials/Cascade/CASC_None.uasset" 70
"../../../Engine/Content/Functions/Engine_MaterialFunctions03/Blends/Blend_Screen.uasset" 71
"../../../Engine/Content/EditorMaterials/TilingAAGrid.uasset" 72
"../../../Engine/Content/EditorMaterials/LevelGridMaterial.uasset" 73
"../../../Engine/Content/EditorMaterials/MakeCompositeARGBLayer.uasset" 74
"../../../Engine/Content/EditorResources/LevelGrid1DStripes.uasset" 75
"../../../Engine/Content/EditorMaterials/TextureGridCascaded1D.uasset" 76
"../../../Engine/Content/EditorMaterials/TextureGridCascaded2D.uasset" 77
"../../../Engine/Content/EditorMaterials/LevelGridMaterial2.uasset" 78
"../../../Engine/Content/EditorMaterials/MAT_Groups_Toggle.uasset" 79
"../../../Engine/Content/EditorMaterials/MAT_Groups_Visibility.uasset" 80
"../../../Engine/Content/EditorMaterials/AntialiasedGridFloor.uasset" 81
"../../../Engine/Content/EditorResources/TilePatine_D.uasset" 82
"../../../Engine/Content/EditorResources/TilePatine_N.uasset" 83
"../../../Engine/Content/EngineMaterials/Grid.uasset" 84
"../../../Engine/Content/EditorMaterials/PersonaFloorMat.uasset" 85
"../../../Engine/Content/EditorMaterials/PhAT_BoneSelectedMaterial.uasset" 86
"../../../Engine/Content/EditorMaterials/PhAT_ElemSelectedMaterial.uasset" 87
"../../../Engine/Content/EditorMaterials/PhAT_NoCollisionMaterial.uasset" 88
"../../../Engine/Content/EditorMaterials/PhAT_UnselectedMaterial.uasset" 89
"../../../Engine/Content/EditorMaterials/PreviewShadowIndicator.uasset" 90
"../../../Engine/Content/EditorMaterials/PreviewShadowIndicatorMaterial.uasset" 91
"../../../Engine/Content/EditorMaterials/TargetIcon.uasset" 92
"../../../Engine/Content/EditorMaterials/Tick.uasset" 93
"../../../Engine/Content/EditorMaterials/Tick_Mat.uasset" 94
"../../../Engine/Content/EditorMaterials/WidgetGridVertexColorMaterial.uasset" 95
"../../../Engine/Content/EditorMaterials/WidgetGridVertexColorMaterial_Ma.uasset" 96
"../../../Engine/Content/EditorMaterials/WidgetMaterial.uasset" 97
"../../../Engine/Content/EditorMaterials/WidgetMaterial_Current.uasset" 98
"../../../Engine/Content/EditorMaterials/WidgetMaterial_X.uasset" 99
"../../../Engine/Content/EditorMaterials/WidgetMaterial_Y.uasset" 100
"../../../Engine/Content/EditorMaterials/WidgetMaterial_Z.uasset" 101
"../../../Engine/Content/EditorMaterials/WidgetVertexColorMaterial.uasset" 102
"../../../Engine/Content/EditorMaterials/Cascade/CASC_CurveEd.uasset" 103
"../../../Engine/Content/EditorMaterials/Cascade/CASC_DisabledModule.uasset" 104
"../../../Engine/Content/EditorMaterials/Cascade/CASC_Lights.uasset" 105
"../../../Engine/Content/EditorMaterials/Cascade/CASC_ModuleDisable.uasset" 106
"../../../Engine/Content/EditorMaterials/Cascade/CASC_ModuleEnable.uasset" 107
"../../../Engine/Content/EditorMaterials/Cascade/CASC_Normal.uasset" 108
"../../../Engine/Content/EditorMaterials/Cascade/CASC_Point.uasset" 109
"../../../Engine/Content/EditorMaterials/Cascade/CASC_Solo_Off.uasset" 110
"../../../Engine/Content/EditorMaterials/Cascade/CASC_Solo_On.uasset" 111
"../../../Engine/Content/EditorMaterials/MatineeGroups/MAT_ColorTrack.uasset" 112
"../../../Engine/Content/EditorMaterials/MatineeGroups/MAT_Groups_Anim.uasset" 113
"../../../Engine/Content/EditorMaterials/MatineeGroups/MAT_Groups_AudioMaster.uasset" 114
"../../../Engine/Content/EditorMaterials/MatineeGroups/MAT_Groups_Director.uasset" 115
"../../../Engine/Content/EditorMaterials/MatineeGroups/MAT_Groups_Event.uasset" 116
"../../../Engine/Content/EditorMaterials/MatineeGroups/MAT_Groups_Fade.uasset" 117
"../../../Engine/Content/EditorMaterials/MatineeGroups/MAT_Groups_Float.uasset" 118
"../../../Engine/Content/EditorMaterials/MatineeGroups/MAT_Groups_Move.uasset" 119
"../../../Engine/Content/EditorMaterials/MatineeGroups/MAT_Groups_Slomo.uasset" 120
"../../../Engine/Content/EditorMaterials/MatineeGroups/MAT_Groups_Sound.uasset" 121
"../../../Engine/Content/EditorMaterials/MatineeGroups/MAT_Groups_Vector.uasset" 122
"../../../Engine/Content/EditorMaterials/ParticleSystems/PSysThumbnail_NoImage.uasset" 123
"../../../Engine/Content/EditorMaterials/ParticleSystems/PSysThumbnail_OOD.uasset" 124
"../../../Engine/Content/EditorMaterials/Thumbnails/FloorPlaneMaterial.uasset" 125
"../../../Engine/Content/EditorMeshes/AnimTreeEd_PreviewFloor.uasset" 126
"../../../Engine/Content/EditorMeshes/EditorCube.uasset" 127
"../../../Engine/Content/EditorMeshes/EditorCylinder.uasset" 128
"../../../Engine/Content/EditorMeshes/EditorPlane.uasset" 129
"../../../Engine/Content/EditorMaterials/Thumbnails/SkySphereMaterial.uasset" 130
"../../../Engine/Content/EditorMeshes/EditorSkySphere.uasset" 131
"../../../Engine/Content/EditorMeshes/EditorSphere.uasset" 132
"../../../Engine/Content/EditorResources/MatineeCam_D.uasset" 133
"../../../Engine/Content/EditorMaterials/MatineeCam_mat.uasset" 134
"../../../Engine/Content/EditorMeshes/MatineeCam_SM.uasset" 135
"../../../Engine/Content/Functions/Engine_MaterialFunctions01/Shading/ConvertFromDiffSpec.uasset" 136
"../../../Engine/Content/EditorMaterials/GridMaterial.uasset" 137
"../../../Engine/Content/EditorMeshes/PhAT_FloorBox.uasset" 138
"../../../Engine/Content/EditorMaterials/Camera/CineMat.uasset" 139
"../../../Engine/Content/EditorMaterials/Camera/MI_CineMat_CameraBody.uasset" 140
"../../../Engine/Content/EngineDebugMaterials/M_SimpleOpaque.uasset" 141
"../../../Engine/Content/EditorMaterials/Camera/MI_CineMat_CamViewFinder.uasset" 142
"../../../Engine/Content/EditorMeshes/Camera/SM_CineCam.uasset" 143
"../../../Engine/Content/EditorMaterials/Camera/MI_CineMat_Rig.uasset" 144
"../../../Engine/Content/EditorMeshes/Camera/SM_CraneRig_Arm.uasset" 145
"../../../Engine/Content/EditorMeshes/Camera/SM_CraneRig_Base.uasset" 146
"../../../Engine/Content/EditorMeshes/Camera/SM_CraneRig_Body.uasset" 147
"../../../Engine/Content/EditorMeshes/Camera/SM_CraneRig_Mount.uasset" 148
"../../../Engine/Content/EditorMeshes/Camera/SM_RailRig_Mount.uasset" 149
"../../../Engine/Content/EditorMeshes/Camera/SM_RailRig_Track.uasset" 150
"../../../Engine/Content/EditorMeshes/ColorCalibrator/M_ChromeBall.uasset" 151
"../../../Engine/Content/EditorMeshes/ColorCalibrator/M_ClearCoat.uasset" 152
"../../../Engine/Content/EditorMeshes/ColorCalibrator/M_ClearCoatBlack.uasset" 153
"../../../Engine/Content/EditorMeshes/ColorCalibrator/Color_checker.uasset" 154
"../../../Engine/Content/EditorMeshes/ColorCalibrator/M_ColorGrid.uasset" 155
"../../../Engine/Content/EditorMeshes/ColorCalibrator/M_GreyBall.uasset" 156
"../../../Engine/Content/EditorMeshes/ColorCalibrator/SM_ColorCalibrator.uasset" 157
"../../../Engine/Content/EditorResources/Bad.uasset" 158
"../../../Engine/Content/EditorResources/BSPVertex.uasset" 159
"../../../Engine/Content/EditorResources/EmptyActor.uasset" 160
"../../../Engine/Content/EditorResources/MatInstActSprite.uasset" 161
"../../../Engine/Content/EditorResources/SceneManager.uasset" 162
"../../../Engine/Content/EditorResources/SmallFont.uasset" 163
"../../../Engine/Content/EditorResources/S_Actor.uasset" 164
"../../../Engine/Content/EditorResources/S_DecalActorIcon.uasset" 165
"../../../Engine/Content/EditorResources/S_Emitter.uasset" 166
"../../../Engine/Content/EditorResources/S_ExpoHeightFog.uasset" 167
"../../../Engine/Content/EditorResources/S_FTest.uasset" 168
"../../../Engine/Content/EditorResources/S_KBSJoint.uasset" 169
"../../../Engine/Content/EditorResources/S_KHinge.uasset" 170
"../../../Engine/Content/EditorResources/S_KPrismatic.uasset" 171
"../../../Engine/Content/EditorResources/S_LevelSequence.uasset" 172
"../../../Engine/Content/EditorResources/S_NavP.uasset" 173
"../../../Engine/Content/EditorResources/S_Note.uasset" 174
"../../../Engine/Content/EditorResources/S_Player.uasset" 175
"../../../Engine/Content/EditorResources/S_PortalActorIcon2.uasset" 176
"../../../Engine/Content/EditorResources/S_RadForce.uasset" 177
"../../../Engine/Content/EditorResources/S_ReflActorIcon.uasset" 178
"../../../Engine/Content/EditorResources/S_Terrain.uasset" 179
"../../../Engine/Content/EditorResources/S_TextRenderActorIcon.uasset" 180
"../../../Engine/Content/EditorResources/S_Thruster.uasset" 181
"../../../Engine/Content/EditorResources/S_Trigger.uasset" 182
"../../../Engine/Content/EditorResources/S_VectorFieldVol.uasset" 183
"../../../Engine/Content/EditorResources/S_WindDirectional.uasset" 184
"../../../Engine/Content/EditorResources/AI/S_NavLink.uasset" 185
"../../../Engine/Content/EditorResources/AudioIcons/S_AudioComponent_AutoActivate.uasset" 186
"../../../Engine/Content/EditorResources/LightIcons/SkyLight.uasset" 187
"../../../Engine/Content/EditorResources/LightIcons/S_LightDirectional.uasset" 188
"../../../Engine/Content/EditorResources/LightIcons/S_LightDirectionalMove.uasset" 189
"../../../Engine/Content/EditorResources/LightIcons/S_LightError.uasset" 190
"../../../Engine/Content/EditorResources/LightIcons/S_LightPoint.uasset" 191
"../../../Engine/Content/EditorResources/LightIcons/S_LightPointMove.uasset" 192
"../../../Engine/Content/EditorResources/LightIcons/S_LightSpot.uasset" 193
"../../../Engine/Content/EditorResources/LightIcons/S_LightSpotMove.uasset" 194
"../../../Engine/Content/EditorResources/SequenceRecorder/Countdown.uasset" 195
"../../../Engine/Content/EditorResources/SequenceRecorder/RecordingIndicator.uasset" 196
"../../../Engine/Content/EditorResources/Spline/T_Loft_Spline.uasset" 197
"../../../Engine/Content/EditorSounds/Notifications/CompileFailed.uasset" 198
"../../../Engine/Content/EditorSounds/Notifications/CompileFailed_Cue.uasset" 199
"../../../Engine/Content/EditorSounds/Notifications/CompileSuccess.uasset" 200
"../../../Engine/Content/EditorSounds/Notifications/CompileStart_Cue.uasset" 201
"../../../Engine/Content/EditorSounds/Notifications/CompileSuccess_Cue.uasset" 202
"../../../Engine/Content/EngineDamageTypes/DmgTypeBP_Environmental.uasset" 203
"../../../Engine/Content/EngineDebugMaterials/HeatmapGradient.uasset" 204
"../../../Engine/Content/EngineDebugMaterials/BoneWeightMaterial.uasset" 205
"../../../Engine/Content/EngineDebugMaterials/ClothMaterial.uasset" 206
"../../../Engine/Content/EngineDebugMaterials/ClothMaterial_WF.uasset" 207
"../../../Engine/Content/EngineDebugMaterials/DebugEditorMaterial.uasset" 208
"../../../Engine/Content/EngineDebugMaterials/DebugMeshMaterial.uasset" 209
"../../../Engine/Content/EngineDebugMaterials/GeomMaterial.uasset" 210
"../../../Engine/Content/EngineDebugMaterials/LevelColorationLitMaterial.uasset" 211
"../../../Engine/Content/EngineDebugMaterials/LevelColorationUnlitMaterial.uasset" 212
"../../../Engine/Content/EngineMaterials/DefaultWhiteGrid.uasset" 213
"../../../Engine/Content/EngineDebugMaterials/MAT_LevelColorationLitLightmapUV.uasset" 214
"../../../Engine/Content/EngineDebugMaterials/M_SimpleTranslucent.uasset" 215
"../../../Engine/Content/EngineDebugMaterials/ShadedLevelColorationLitMaterial.uasset" 216
"../../../Engine/Content/EngineDebugMaterials/ShadedLevelColorationUnlitMateri.uasset" 217
"../../../Engine/Content/EngineDebugMaterials/VertexColorMaterial.uasset" 218
"../../../Engine/Content/EngineDebugMaterials/VertexColorViewMode_AlphaAsColor.uasset" 219
"../../../Engine/Content/EngineDebugMaterials/VertexColorViewMode_BlueOnly.uasset" 220
"../../../Engine/Content/EngineDebugMaterials/VertexColorViewMode_ColorOnly.uasset" 221
"../../../Engine/Content/EngineDebugMaterials/VertexColorViewMode_GreenOnly.uasset" 222
"../../../Engine/Content/EngineDebugMaterials/VertexColorViewMode_RedOnly.uasset" 223
"../../../Engine/Content/EngineDebugMaterials/WireframeMaterial.uasset" 224
"../../../Engine/Content/EngineFonts/Faces/RobotoBold.uasset" 225
"../../../Engine/Content/EngineFonts/Faces/RobotoBoldItalic.uasset" 226
"../../../Engine/Content/EngineFonts/Faces/RobotoItalic.uasset" 227
"../../../Engine/Content/EngineFonts/Faces/RobotoLight.uasset" 228
"../../../Engine/Content/EngineFonts/Faces/RobotoRegular.uasset" 229
"../../../Engine/Content/EngineFonts/Roboto.uasset" 230
"../../../Engine/Content/EngineFonts/Faces/RobotoTiny.uasset" 231
"../../../Engine/Content/EngineFonts/RobotoTiny.uasset" 232
"../../../Engine/Content/EngineFonts/SmallFont.uasset" 233
"../../../Engine/Content/EngineFonts/TinyFont.uasset" 234
"../../../Engine/Content/EngineResources/WhiteSquareTexture.uasset" 235
"../../../Engine/Content/EngineMaterials/BlinkingCaret.uasset" 236
"../../../Engine/Content/EngineMaterials/DefaultBloomKernel.uasset" 237
"../../../Engine/Content/EngineMaterials/DefaultBokeh.uasset" 238
"../../../Engine/Content/EngineMaterials/DefaultDiffuse.uasset" 239
"../../../Engine/Content/EngineMaterials/DefaultDeferredDecalMaterial.uasset" 240
"../../../Engine/Content/EngineMaterials/DefaultLightFunctionMaterial.uasset" 241
"../../../Engine/Content/EngineMaterials/DefaultNormal.uasset" 242
"../../../Engine/Content/EngineMaterials/DefaultPostProcessMaterial.uasset" 243
"../../../Engine/Content/EngineFonts/RobotoDistanceField.uasset" 244
"../../../Engine/Content/EngineMaterials/DefaultTextMaterialOpaque.uasset" 245
"../../../Engine/Content/EngineMaterials/EditorBrushMaterial.uasset" 246
"../../../Engine/Content/EngineMaterials/Good64x64TilingNoiseHighFreq.uasset" 247
"../../../Engine/Content/EngineMaterials/Grid_N.uasset" 248
"../../../Engine/Content/EngineMaterials/HighResolutionScreenshotMaskFunction.uasset" 249
"../../../Engine/Content/EngineMaterials/HighResScreenshot.uasset" 250
"../../../Engine/Content/EngineMaterials/HighResScreenshotCaptureRegion.uasset" 251
"../../../Engine/Content/EngineMaterials/HighResScreenshotMask.uasset" 252
"../../../Engine/Content/EngineMaterials/LandscapeHolePhysicalMaterial.uasset" 253
"../../../Engine/Content/EngineMaterials/InvalidLightmapSettings.uasset" 254
"../../../Engine/Content/EngineMaterials/M_InvalidLightmapSettings.uasset" 255
"../../../Engine/Content/EngineMaterials/PaperDiffuse.uasset" 256
"../../../Engine/Content/EngineMaterials/PaperNormal.uasset" 257
"../../../Engine/Content/Functions/Engine_MaterialFunctions02/WorldPositionOffset/CameraOffset.uasset" 258
"../../../Engine/Content/EngineMaterials/PhAT_JointLimitMaterial.uasset" 259
"../../../Engine/Content/EngineMaterials/PhysMat_Rubber.uasset" 260
"../../../Engine/Content/EngineMaterials/PreintegratedSkinBRDF.uasset" 261
"../../../Engine/Content/EngineMaterials/RemoveSurfaceMaterial.uasset" 262
"../../../Engine/Content/EngineMaterials/WeightMapPlaceholderTexture.uasset" 263
"../../../Engine/Content/EngineMaterials/Widget3DPassThrough.uasset" 264
"../../../Engine/Content/EngineMaterials/Widget3DPassThrough_Masked.uasset" 265
"../../../Engine/Content/EngineMaterials/Widget3DPassThrough_Opaque.uasset" 266
"../../../Engine/Content/EngineMaterials/Widget3DPassThrough_Masked_OneSided.uasset" 267
"../../../Engine/Content/EngineMaterials/Widget3DPassThrough_Opaque_OneSided.uasset" 268
"../../../Engine/Content/EngineMaterials/Widget3DPassThrough_Translucent.uasset" 269
"../../../Engine/Content/EngineMaterials/Widget3DPassThrough_Translucent_OneSided.uasset" 270
"../../../Engine/Content/EngineMeshes/Cube.uasset" 271
"../../../Engine/Content/EngineMeshes/Cylinder.uasset" 272
"../../../Engine/Content/EngineMeshes/Sphere.uasset" 273
"../../../Engine/Content/EngineResources/DefaultTexture.uasset" 274
"../../../Engine/Content/EngineResources/DefaultTextureCube.uasset" 275
"../../../Engine/Content/EngineResources/GradientTexture0.uasset" 276
"../../../Engine/Content/EngineResources/StreamingPauseIcon.uasset" 277
"../../../Engine/Content/EngineResources/M_StreamingPause.uasset" 278
"../../../Engine/Content/EngineSounds/Master.uasset" 279
"../../../Engine/Content/Functions/Engine_MaterialFunctions01/Shading/PowerToRoughness.uasset" 280
"../../../Engine/Content/Maps/Templates/Thumbnails/Default.uasset" 281
"../../../Engine/Content/Maps/Templates/Thumbnails/VR-Basic.uasset" 282
"../../../Engine/Content/MapTemplates/Sky/DaylightAmbientCubemap.uasset" 283
"../../../Engine/Content/MobileResources/T_MobileControls_texture.uasset" 284
"../../../Engine/Content/MobileResources/T_MobileMenu2.uasset" 285
"../../../Engine/Content/MobileResources/HUD/AnalogHat.uasset" 286
"../../../Engine/Content/MobileResources/HUD/VirtualJoystick_Background.uasset" 287
"../../../Engine/Content/MobileResources/HUD/VirtualJoystick_Thumb.uasset" 288
"../../../Engine/Content/MobileResources/HUD/DefaultVirtualJoysticks.uasset" 289
"../../../Engine/Content/MobileResources/HUD/LeftVirtualJoystickOnly.uasset" 290
"../../../Engine/Content/MobileResources/HUD/MobileHUDButton1_off.uasset" 291
"../../../Engine/Content/MobileResources/HUD/MobileHUDButton1_on.uasset" 292
"../../../Engine/Content/MobileResources/HUD/MobileHUDButton2_off.uasset" 293
"../../../Engine/Content/MobileResources/HUD/MobileHUDButton2_on.uasset" 294
"../../../Engine/Content/MobileResources/HUD/MobileHUDButton3.uasset" 295
"../../../Engine/Content/MobileResources/HUD/MobileHUDButtonFire.uasset" 296
"../../../Engine/Content/MobileResources/HUD/MobileHUDDirectionPad.uasset" 297
"../../../Engine/Content/MobileResources/HUD/MobileHUDDirectionPad2.uasset" 298
"../../../Engine/Content/MobileResources/HUD/MobileHUDDirectionPad3.uasset" 299
"../../../Engine/Content/MobileResources/HUD/MobileHUDDirectionStick.uasset" 300
"../../../Engine/Content/MobileResources/HUD/T_Castle_ThumbstickInner.uasset" 301
"../../../Engine/Content/MobileResources/HUD/T_Castle_ThumbstickOutter.uasset" 302
"../../../Engine/Content/Tutorial/ContentIntroCurve.uasset" 303
"../../../Engine/Content/Tutorial/Basics/TutorialAssets/icon_tab_Levels_40x.uasset" 304
"../../../Engine/Content/Tutorial/BlueprintTutorials/TutorialAssets/BlueprintInterface_64x.uasset" 305
"../../../Engine/Content/Tutorial/BlueprintTutorials/TutorialAssets/BlueprintMacroLibrary_64x.uasset" 306
"../../../Engine/Content/Tutorial/BlueprintTutorials/TutorialAssets/Blueprint_64x.uasset" 307
"../../../Engine/Content/Tutorial/BlueprintTutorials/TutorialAssets/Tutorial_BP_Interface.uasset" 308
"../../../Engine/Content/Tutorial/Foliage/TutorialAssets/Foliage.uasset" 309
"../../../Engine/Content/Tutorial/Landscape/TutorialAssets/Landscape.uasset" 310
"../../../Engine/Content/Tutorial/Paper2D/TutorialAssets/Paper2DFlipbook_TutorialIcon.uasset" 311
"../../../Engine/Content/Tutorial/Paper2D/TutorialAssets/Paper2DSprite_TutorialIcon.uasset" 312
"../../../Engine/Content/Tutorial/SubEditors/TutorialAssets/icon_Editor_Preferences_General_40x.uasset" 313
"../../../Engine/Content/Tutorial/SubEditors/TutorialAssets/icon_ShowSkeletalMeshes_40x.uasset" 314
"../../../Engine/Content/Tutorial/SubEditors/TutorialAssets/TutorialMaterial.uasset" 315
"../../../Engine/Content/Tutorial/SubEditors/TutorialAssets/T_SmokeSubUV_8X8.uasset" 316
"../../../Engine/Content/Tutorial/SubEditors/TutorialAssets/T_soft_smoke.uasset" 317
"../../../Engine/Content/Tutorial/SubEditors/TutorialAssets/M_smoke_subUV_blackbody.uasset" 318
"../../../Engine/Content/Tutorial/SubEditors/TutorialAssets/TutorialParticleSystem.uasset" 319
"../../../Engine/Content/VREditor/Devices/Generic/GenericHMDMaterial.uasset" 320
"../../../Engine/Content/VREditor/Devices/Generic/GenericHMD.uasset" 321
"../../../Engine/Content/Functions/Engine_MaterialFunctions02/Utility/BreakOutFloat3Components.uasset" 322
"../../../Engine/Content/VREditor/Devices/Vive/VivePreController_MasksB.uasset" 323
"../../../Engine/Content/VREditor/Devices/Oculus/OculusControllerMaterial.uasset" 324
"../../../Engine/Content/VREditor/Devices/Oculus/OculusControllerMaterial_Inst.uasset" 325
"../../../Engine/Content/VREditor/Devices/Oculus/OculusControllerMesh.uasset" 326
"../../../Engine/Content/VREditor/Devices/Vive/T_VivePreController_EM.uasset" 327
"../../../Engine/Content/VREditor/Devices/Vive/VivePreController_MasksA.uasset" 328
"../../../Engine/Content/VREditor/Devices/Vive/VivePreControllerDiffuse.uasset" 329
"../../../Engine/Content/VREditor/Devices/Vive/VivePreControllerSpec.uasset" 330
"../../../Engine/Content/VREditor/LaserPointer/VR_LaserPower_01.uasset" 331
"../../../Engine/Content/VREditor/Devices/Vive/VivePreControllerMaterial.uasset" 332
"../../../Engine/Content/VREditor/Devices/Vive/VivePreControllerMaterial_Inst.uasset" 333
"../../../Engine/Content/VREditor/Devices/Vive/VivePreControllerMesh.uasset" 334
"../../../Engine/Content/VREditor/FloatingText/LineMaterial.uasset" 335
"../../../Engine/Content/VREditor/FloatingText/JointSphere.uasset" 336
"../../../Engine/Content/VREditor/FloatingText/LineSegmentCylinder.uasset" 337
"../../../Engine/Content/VREditor/Fonts/VRText_RobotoLarge.uasset" 338
"../../../Engine/Content/VREditor/Fonts/VRTextMaterial.uasset" 339
"../../../Engine/Content/VREditor/Fonts/TranslucentVRTextMaterial.uasset" 340
"../../../Engine/Content/VREditor/LaserPointer/CursorPointer.uasset" 341
"../../../Engine/Content/VREditor/TransformGizmo/TransformGizmoMaterial.uasset" 342
"../../../Engine/Content/VREditor/LaserPointer/HoverMaterial.uasset" 343
"../../../Engine/Content/VREditor/TransformGizmo/TranslucentTransformGizmoMaterial.uasset" 344
"../../../Engine/Content/VREditor/LaserPointer/TranslucentHoverMaterial.uasset" 345
"../../../Engine/Content/VREditor/LaserPointer/HoverMesh.uasset" 346
"../../../Engine/Content/VREditor/LaserPointer/LaserPointerMaterial.uasset" 347
"../../../Engine/Content/VREditor/LaserPointer/LaserPointerMaterialInst.uasset" 348
"../../../Engine/Content/VREditor/LaserPointer/TranslucentLaserPointerMaterialInst.uasset" 349
"../../../Engine/Content/VREditor/LaserPointer/LaserPointerMesh.uasset" 350
"../../../Engine/Content/VREditor/LaserPointer/LaserPointerMesh_End.uasset" 351
"../../../Engine/Content/VREditor/LaserPointer/LaserPointerMesh_Start.uasset" 352
"../../../Engine/Content/VREditor/Sounds/VR_teleport.uasset" 353
"../../../Engine/Content/VREditor/Sounds/UI/Click_on_Button.uasset" 354
"../../../Engine/Content/VREditor/Sounds/UI/Click_on_Button_Cue.uasset" 355
"../../../Engine/Content/VREditor/Sounds/UI/Dockable_Window_Close.uasset" 356
"../../../Engine/Content/VREditor/Sounds/UI/Dockable_Window_Drop.uasset" 357
"../../../Engine/Content/VREditor/Sounds/UI/Dockable_Window_Open.uasset" 358
"../../../Engine/Content/VREditor/Sounds/UI/Dockable_Window_Pick_Up.uasset" 359
"../../../Engine/Content/VREditor/Sounds/UI/Drop_Item_From_ContentBrowser.uasset" 360
"../../../Engine/Content/VREditor/Sounds/UI/Floating_UI_Open-001.uasset" 361
"../../../Engine/Content/VREditor/Sounds/UI/Radial_Menu_FadeOut.uasset" 362
"../../../Engine/Content/VREditor/Sounds/UI/Teleport_Mode_Entered.uasset" 363
"../../../Engine/Content/VREditor/Teleport/TeleportDirectionMaterial.uasset" 364
"../../../Engine/Content/VREditor/Teleport/TeleportDirectionMaterial_Inst.uasset" 365
"../../../Engine/Content/VREditor/Teleport/TeleportDirectionMesh.uasset" 366
"../../../Engine/Content/VREditor/TransformGizmo/BoundingBoxCorner.uasset" 367
"../../../Engine/Content/VREditor/TransformGizmo/BoundingBoxEdge.uasset" 368
"../../../Engine/Content/VREditor/TransformGizmo/PlaneTranslationHandle.uasset" 369
"../../../Engine/Content/VREditor/TransformGizmo/Main.uasset" 370
"../../../Engine/Content/VREditor/TransformGizmo/Xray.uasset" 371
"../../../Engine/Content/VREditor/TransformGizmo/SM_Dialog_Close.uasset" 372
"../../../Engine/Content/VREditor/TransformGizmo/SM_Dialog_Move.uasset" 373
"../../../Engine/Content/VREditor/TransformGizmo/SM_Sequencer_Key.uasset" 374
"../../../Engine/Content/VREditor/TransformGizmo/SM_Sequencer_Node.uasset" 375
"../../../Engine/Content/VREditor/TransformGizmo/TransformGizmoMaterial_Inst.uasset" 376
"../../../Engine/Content/VREditor/TransformGizmo/TranslucentTransformGizmoMaterial_Inst.uasset" 377
"../../../Engine/Content/VREditor/Devices/Vive/UE4_Logo.uasset" 378
"../../../Engine/Content/VREditor/UI/M_ContentWindow.uasset" 379
"../../../Engine/Content/VREditor/UI/SM_ContentWindow_01.uasset" 380
"../../../Engine/Content/VREditor/UI/KeyDiskMaterial.uasset" 381
"../../../Engine/Content/VREditor/UI/DiscMaterial.uasset" 382
"../../../Engine/Content/VREditor/UI/SM_Radial_Disk.uasset" 383
"../../../Engine/Content/VREditor/UI/ArrowMaterial.uasset" 384
"../../../Engine/Content/VREditor/UI/SM_Radial_Pointer.uasset" 385
"../../../Engine/Content/Functions/Engine_MaterialFunctions01/Gradient/RadialGradient.uasset" 386
"../../../Engine/Content/VREditor/WorldMovementGrid/SimpleGrid.uasset" 387
"../../../Engine/Content/VREditor/WorldMovementGrid/GridMaterial.uasset" 388
"../../../Engine/Content/Functions/Engine_MaterialFunctions01/Density/ExponentialDensity.uasset" 389
"../../../Engine/Content/VREditor/WorldMovementGrid/GridPostProcess.uasset" 390
"../../../Engine/Content/EditorLandscapeResources/FlattenHeightMat.uasset" 391
"../../../Engine/Content/VREditor/WorldMovementGrid/PlaneMesh.uasset" 392
"../../../../../GitHub/FPS4/SeriousDoomSpil/Content/StarterContent/Audio/Explosion02.uasset" 393
"../../../../../GitHub/FPS4/SeriousDoomSpil/Content/StarterContent/Textures/T_Burst_M.uasset" 394
"../../../../../GitHub/FPS4/SeriousDoomSpil/Content/StarterContent/Particles/Materials/M_Burst.uasset" 395
"../../../../../GitHub/FPS4/SeriousDoomSpil/Content/StarterContent/Textures/T_Explosion_SubUV.uasset" 396
"../../../../../GitHub/FPS4/SeriousDoomSpil/Content/StarterContent/Particles/Materials/M_explosion_subUV.uasset" 397
"../../../../../GitHub/FPS4/SeriousDoomSpil/Content/StarterContent/Particles/Materials/m_flare_01.uasset" 398
"../../../../../GitHub/FPS4/SeriousDoomSpil/Content/StarterContent/Particles/Materials/M_radial_ramp.uasset" 399
"../../../../../GitHub/FPS4/SeriousDoomSpil/Content/StarterContent/Textures/T_Smoke_SubUV.uasset" 400
"../../../../../GitHub/FPS4/SeriousDoomSpil/Content/StarterContent/Textures/T_Smoke_Tiled_D.uasset" 401
"../../../../../GitHub/FPS4/SeriousDoomSpil/Content/StarterContent/Particles/Materials/M_smoke_subUV.uasset" 402
"../../../../../GitHub/FPS4/SeriousDoomSpil/Content/StarterContent/Particles/P_Explosion.uasset" 403
"../../Plugins/2D/Paper2D/Content/PlaceholderTextures/DummySpriteTexture.uasset" 404
"../../Plugins/2D/Paper2D/Content/DummySprite.uasset" 405
"../../Plugins/2D/Paper2D/Content/DefaultPaperTerrainMaterial.uasset" 406
"../../Plugins/2D/Paper2D/Content/DefaultSpriteMaterial.uasset" 407
"../../Plugins/2D/Paper2D/Content/MaskedUnlitSpriteMaterial.uasset" 408
"../../Plugins/2D/Paper2D/Content/OpaqueUnlitSpriteMaterial.uasset" 409
"../../Plugins/Media/MediaCompositing/Content/DefaultMediaPlaneTexture.uasset" 410
"../../Plugins/Media/MediaCompositing/Content/DefaultMediaPlaneMaterial.uasset" 411
"../../../Engine/Content/Functions/Engine_MaterialFunctions02/Utility/MakeFloat4.uasset" 412
"../../Plugins/Runtime/AppleARKit/Content/ARKitCameraMaterial.uasset" 413
"../../Plugins/Runtime/Oculus/OculusVR/Content/Textures/GearVRController_AO.uasset" 414
"../../Plugins/Runtime/Oculus/OculusVR/Content/Textures/GearVRController_Color.uasset" 415
"../../Plugins/Runtime/Oculus/OculusVR/Content/Textures/GearVRController_Normal.uasset" 416
"../../Plugins/Runtime/Oculus/OculusVR/Content/Materials/GearVRControllerMaterial.uasset" 417
"../../Plugins/Runtime/Oculus/OculusVR/Content/Meshes/GearVrController.uasset" 418
"../../../../../GitHub/FPS4/SeriousDoomSpil/Content/BluePrints/Widgets/MainMenu.uasset" 419
"../../../../../GitHub/FPS4/SeriousDoomSpil/Content/BluePrints/Character/Swat_Skeleton.uasset" 420
"../../../../../GitHub/FPS4/SeriousDoomSpil/Content/BluePrints/Character/Animation/idle_aiming.uasset" 421
"../../../../../GitHub/FPS4/SeriousDoomSpil/Content/BluePrints/Character/Animation/reloading_inPlace.uasset" 422
"../../../../../GitHub/FPS4/SeriousDoomSpil/Content/BluePrints/Character/Animation/run_backward_inPlace.uasset" 423
"../../../../../GitHub/FPS4/SeriousDoomSpil/Content/BluePrints/Character/Animation/run_backward_left_inPlace.uasset" 424
"../../../../../GitHub/FPS4/SeriousDoomSpil/Content/BluePrints/Character/Animation/run_forward_inPlace.uasset" 425
"../../../../../GitHub/FPS4/SeriousDoomSpil/Content/BluePrints/Character/Animation/run_left_inPlace.uasset" 426
"../../../../../GitHub/FPS4/SeriousDoomSpil/Content/BluePrints/Character/Animation/run_right_inPlace.uasset" 427
"../../../../../GitHub/FPS4/SeriousDoomSpil/Content/BluePrints/Character/Animation/sprint_backward_inPlace.uasset" 428
"../../../../../GitHub/FPS4/SeriousDoomSpil/Content/BluePrints/Character/Animation/sprint_forward_inPlace.uasset" 429
"../../../../../GitHub/FPS4/SeriousDoomSpil/Content/BluePrints/Character/Animation/sprint_left_inPlace.uasset" 430
"../../../../../GitHub/FPS4/SeriousDoomSpil/Content/BluePrints/Character/Animation/sprint_right_inPlace.uasset" 431
"../../../../../GitHub/FPS4/SeriousDoomSpil/Content/BluePrints/Character/Sprint_BS.uasset" 432
"../../../../../GitHub/FPS4/SeriousDoomSpil/Content/BluePrints/Character/Animation/walk_backward_inPlace.uasset" 433
"../../../../../GitHub/FPS4/SeriousDoomSpil/Content/BluePrints/Character/Animation/walk_forward_inPlace.uasset" 434
"../../../../../GitHub/FPS4/SeriousDoomSpil/Content/BluePrints/Character/Animation/walk_left_inPlace.uasset" 435
"../../../../../GitHub/FPS4/SeriousDoomSpil/Content/BluePrints/Character/Animation/walk_right_inPlace.uasset" 436
"../../../../../GitHub/FPS4/SeriousDoomSpil/Content/BluePrints/Character/SWATAnim_BS.uasset" 437
"../../../../../GitHub/FPS4/SeriousDoomSpil/Content/BluePrints/Character/SWAT_AnimBP.uasset" 438
"../../../../../GitHub/FPS4/SeriousDoomSpil/Content/BluePrints/Weapons/AK47/AK_diffuse.uasset" 439
"../../../../../GitHub/FPS4/SeriousDoomSpil/Content/BluePrints/Weapons/AK47/AK_normal.uasset" 440
"../../../../../GitHub/FPS4/SeriousDoomSpil/Content/BluePrints/Weapons/AK47/AK_specular.uasset" 441
"../../../../../GitHub/FPS4/SeriousDoomSpil/Content/BluePrints/Weapons/AK47/AK47_Mat.uasset" 442
"../../../../../GitHub/FPS4/SeriousDoomSpil/Content/BluePrints/Weapons/AK47/AK_PhysicsAsset.uasset" 443
"../../../../../GitHub/FPS4/SeriousDoomSpil/Content/BluePrints/Weapons/AK47/AK_Skeleton.uasset" 444
"../../../../../GitHub/FPS4/SeriousDoomSpil/Content/BluePrints/Weapons/AK47/AK.uasset" 445
"../../../Engine/Content/EngineResources/Black.uasset" 446
"../../../../../GitHub/FPS4/SeriousDoomSpil/Content/InfinityBladeEffects/Effects/Masters/M_Add_Sprite_SubUV_Master.uasset" 447
"../../../../../GitHub/FPS4/SeriousDoomSpil/Content/InfinityBladeEffects/Effects/FX_Textures/Fire/T_Fire_subUV_6X6.uasset" 448
"../../../../../GitHub/FPS4/SeriousDoomSpil/Content/InfinityBladeEffects/Effects/FX_Materials/Fire/M_Fire_01_Add_6X6_INST.uasset" 449
"../../../../../GitHub/FPS4/SeriousDoomSpil/Content/InfinityBladeEffects/Effects/Masters/M_Add_Sprite_Master_DepthFade.uasset" 450
"../../../../../GitHub/FPS4/SeriousDoomSpil/Content/InfinityBladeEffects/Effects/FX_Textures/Gradient/T_SoftFallOff.uasset" 451
"../../../../../GitHub/FPS4/SeriousDoomSpil/Content/InfinityBladeEffects/Effects/FX_Materials/Gradient/M_Flare_03_INST.uasset" 452
"../../../../../GitHub/FPS4/SeriousDoomSpil/Content/InfinityBladeEffects/Effects/Masters/M_Add_Sprite_Master.uasset" 453
"../../../../../GitHub/FPS4/SeriousDoomSpil/Content/InfinityBladeEffects/Effects/FX_Textures/Gradient/T_GlowNoise_Circular_02.uasset" 454
"../../../../../GitHub/FPS4/SeriousDoomSpil/Content/InfinityBladeEffects/Effects/FX_Materials/Gradient/M_Flare_Noise_01_Inst.uasset" 455
"../../../../../GitHub/FPS4/SeriousDoomSpil/Content/InfinityBladeEffects/Effects/FX_Textures/Spark/T_Sparks_03_SubUV_1_4.uasset" 456
"../../../../../GitHub/FPS4/SeriousDoomSpil/Content/InfinityBladeEffects/Effects/FX_Materials/Spark/M_Spark_03_1_4_INST.uasset" 457
"../../../../../GitHub/FPS4/SeriousDoomSpil/Content/InfinityBladeEffects/Effects/FX_Mobile/Fire/combat/P_FireBall_Strong_MuzzFlash_01.uasset" 458
"../../../../../GitHub/FPS4/SeriousDoomSpil/Content/BluePrints/Weapons/AK47/AK47_Base.uasset" 459
"../../../../../GitHub/FPS4/SeriousDoomSpil/Content/BluePrints/Weapons/M4A1/M4A1_Diffuse.uasset" 460
"../../../../../GitHub/FPS4/SeriousDoomSpil/Content/BluePrints/Weapons/M4A1/M4A1_Diffuse_Mat.uasset" 461
"../../../../../GitHub/FPS4/SeriousDoomSpil/Content/BluePrints/Weapons/M4A1/silencer001Mat.uasset" 462
"../../../../../GitHub/FPS4/SeriousDoomSpil/Content/BluePrints/Weapons/M4A1/M4A1_silencer001_PhysicsAsset.uasset" 463
"../../../../../GitHub/FPS4/SeriousDoomSpil/Content/BluePrints/Weapons/M4A1/M4A1_silencer001_Skeleton.uasset" 464
"../../../../../GitHub/FPS4/SeriousDoomSpil/Content/BluePrints/Weapons/M4A1/M4A1_weapon002_PhysicsAsset.uasset" 465
"../../../../../GitHub/FPS4/SeriousDoomSpil/Content/BluePrints/Weapons/M4A1/M4A1_weapon002_Skeleton.uasset" 466
"../../../../../GitHub/FPS4/SeriousDoomSpil/Content/BluePrints/Weapons/M4A1/M4A1.uasset" 467
"../../../../../GitHub/FPS4/SeriousDoomSpil/Content/BluePrints/Weapons/M4A1/Weapon_M4A1.uasset" 468
"../../../../../GitHub/FPS4/SeriousDoomSpil/Content/BloodEffect.uasset" 469
"../../../../../GitHub/FPS4/SeriousDoomSpil/Content/BluePrints/HUD/AK-47_Icon.uasset" 470
"../../../../../GitHub/FPS4/SeriousDoomSpil/Content/BluePrints/HUD/Armor_Border.uasset" 471
"../../../../../GitHub/FPS4/SeriousDoomSpil/Content/BluePrints/HUD/Armor_Icon.uasset" 472
"../../../../../GitHub/FPS4/SeriousDoomSpil/Content/BluePrints/HUD/Bar_Fill.uasset" 473
"../../../../../GitHub/FPS4/SeriousDoomSpil/Content/BluePrints/HUD/Bar_NoFill.uasset" 474
"../../../../../GitHub/FPS4/SeriousDoomSpil/Content/BluePrints/HUD/Health_Border.uasset" 475
"../../../../../GitHub/FPS4/SeriousDoomSpil/Content/BluePrints/HUD/Health_Icon.uasset" 476
"../../../../../GitHub/FPS4/SeriousDoomSpil/Content/BluePrints/HUD/M4AI_Icon.uasset" 477
"../../../../../GitHub/FPS4/SeriousDoomSpil/Content/BluePrints/Weapons/Crosshairs/Crosshair4.uasset" 478
"../../../../../GitHub/FPS4/SeriousDoomSpil/Content/BloodEffectHud.uasset" 479
"../../../../../GitHub/FPS4/SeriousDoomSpil/Content/BluePrints/Character/Soldier_Body_diffuse.uasset" 480
"../../../../../GitHub/FPS4/SeriousDoomSpil/Content/BluePrints/Character/Soldier_Body_normal.uasset" 481
"../../../../../GitHub/FPS4/SeriousDoomSpil/Content/BluePrints/Character/Soldier_Body_specular.uasset" 482
"../../../../../GitHub/FPS4/SeriousDoomSpil/Content/BluePrints/Character/Soldier_body1.uasset" 483
"../../../../../GitHub/FPS4/SeriousDoomSpil/Content/BluePrints/Character/Soldier_head_diffuse.uasset" 484
"../../../../../GitHub/FPS4/SeriousDoomSpil/Content/BluePrints/Character/Soldier_head_normal.uasset" 485
"../../../../../GitHub/FPS4/SeriousDoomSpil/Content/BluePrints/Character/Soldier_head_specular.uasset" 486
"../../../../../GitHub/FPS4/SeriousDoomSpil/Content/BluePrints/Character/Soldier_head6.uasset" 487
"../../../../../GitHub/FPS4/SeriousDoomSpil/Content/BluePrints/Character/Swat_PhysicsAsset.uasset" 488
"../../../../../GitHub/FPS4/SeriousDoomSpil/Content/BluePrints/Character/Swat.uasset" 489
"../../../../../GitHub/FPS4/SeriousDoomSpil/Content/BluePrints/EKeyType.uasset" 490
"../../../../../GitHub/FPS4/SeriousDoomSpil/Content/BluePrints/Widgets/Exit.uasset" 491
"../../../../../GitHub/FPS4/SeriousDoomSpil/Content/BluePrints/Widgets/1280x740.uasset" 492
"../../../../../GitHub/FPS4/SeriousDoomSpil/Content/BluePrints/Widgets/1920x1080.uasset" 493
"../../../../../GitHub/FPS4/SeriousDoomSpil/Content/BluePrints/Widgets/740x480.uasset" 494
"../../../../../GitHub/FPS4/SeriousDoomSpil/Content/BluePrints/Widgets/ExitGame.uasset" 495
"../../../../../GitHub/FPS4/SeriousDoomSpil/Content/BluePrints/Widgets/Options.uasset" 496
"../../../../../GitHub/FPS4/SeriousDoomSpil/Content/BluePrints/Widgets/Play.uasset" 497
"../../../../../GitHub/FPS4/SeriousDoomSpil/Content/BluePrints/Widgets/wallpaper.uasset" 498
"../../../../../GitHub/FPS4/SeriousDoomSpil/Content/BluePrints/Widgets/MainMenuWidget.uasset" 499
"../../../../../GitHub/FPS4/SeriousDoomSpil/Content/BluePrints/Widgets/PauseMenu.uasset" 500
"../../../../../GitHub/FPS4/SeriousDoomSpil/Content/ThirdPersonBP/Blueprints/ThirdPersonCharacter.uasset" 501
"../../../../../GitHub/FPS4/SeriousDoomSpil/Content/ThirdPersonBP/Blueprints/ThirdPersonGameMode.uasset" 502
"../../../../../GitHub/FPS4/SeriousDoomSpil/Content/MainMenu.umap" 503
"../../../Engine/Content/EngineSky/C_Sky_Cloud_Color.uasset" 504
"../../../Engine/Content/EngineSky/C_Sky_Horizon_Color.uasset" 505
"../../../Engine/Content/EngineSky/C_Sky_Zenith_Color.uasset" 506
"../../../Engine/Content/EngineSky/T_Sky_Blue.uasset" 507
"../../../Engine/Content/EngineSky/T_Sky_Clouds_M.uasset" 508
"../../../Engine/Content/EngineSky/T_Sky_Stars.uasset" 509
"../../../Engine/Content/EngineSky/M_Sky_Panning_Clouds2.uasset" 510
"../../../Engine/Content/EngineSky/SM_SkySphere.uasset" 511
"../../../Engine/Content/EngineSky/BP_Sky_Sphere.uasset" 512
"../../../../../GitHub/FPS4/SeriousDoomSpil/Content/BluePrints/AI/AI_Controller.uasset" 513
"../../../Engine/Content/BasicShapes/BasicShapeMaterial.uasset" 514
"../../../Engine/Content/BasicShapes/Cube.uasset" 515
"../../../../../GitHub/FPS4/SeriousDoomSpil/Content/BluePrints/AI/EAIState.uasset" 516
"../../../../../GitHub/FPS4/SeriousDoomSpil/Content/InfinityBladeEffects/Effects/FX_Textures/Gradient/T_starFlare_01.uasset" 517
"../../../../../GitHub/FPS4/SeriousDoomSpil/Content/InfinityBladeEffects/Effects/FX_Materials/Gradient/M_Flare_01_INST.uasset" 518
"../../../../../GitHub/FPS4/SeriousDoomSpil/Content/InfinityBladeEffects/Effects/FX_Textures/Fire/T_Fireball_02_SubUV_4_4.uasset" 519
"../../../../../GitHub/FPS4/SeriousDoomSpil/Content/InfinityBladeEffects/Effects/FX_Materials/Mobile/M_Fireball_01_8X8_IN_2.uasset" 520
"../../../../../GitHub/FPS4/SeriousDoomSpil/Content/InfinityBladeEffects/Effects/FX_Textures/Smoke/T_SmokeBall_01_8_8.uasset" 521
"../../../../../GitHub/FPS4/SeriousDoomSpil/Content/InfinityBladeEffects/Effects/FX_Materials/Smoke/M_Smoke_01_8X8_INST.uasset" 522
"../../../../../GitHub/FPS4/SeriousDoomSpil/Content/InfinityBladeEffects/Effects/FX_Textures/Spark/T_Sparks_04_SubUV_1_4.uasset" 523
"../../../../../GitHub/FPS4/SeriousDoomSpil/Content/InfinityBladeEffects/Effects/FX_Materials/Spark/M_Spark_04_SubUV_1_4_INST.uasset" 524
"../../../../../GitHub/FPS4/SeriousDoomSpil/Content/InfinityBladeEffects/Effects/FX_Textures/Spark/T_Spark_Core.uasset" 525
"../../../../../GitHub/FPS4/SeriousDoomSpil/Content/InfinityBladeEffects/Effects/FX_Materials/Spark/M_Spark_Core_01_INST.uasset" 526
"../../../../../GitHub/FPS4/SeriousDoomSpil/Content/InfinityBladeEffects/Effects/FX_Mobile/combat/P_Impact_Golem_Death_Fire.uasset" 527
"../../../../../GitHub/FPS4/SeriousDoomSpil/Content/StarterContent/Audio/Explosion01.uasset" 528
"../../../../../GitHub/FPS4/SeriousDoomSpil/Content/BluePrints/AI/EnemyCharger.uasset" 529
"../../../../../GitHub/FPS4/SeriousDoomSpil/Content/BluePrints/AI/AISpawn.uasset" 530
"../../../../../GitHub/FPS4/SeriousDoomSpil/Content/FirstPerson/Meshes/BaseMaterial.uasset" 531
"../../../../../GitHub/FPS4/SeriousDoomSpil/Content/FirstPerson/Meshes/FirstPersonProjectileMaterial.uasset" 532
"../../../../../GitHub/FPS4/SeriousDoomSpil/Content/InfinityBladeEffects/Effects/FX_Meshes/Skills/SM_Shockwave_01.uasset" 533
"../../../../../GitHub/FPS4/SeriousDoomSpil/Content/BluePrints/AmmoPickup.uasset" 534
"../../../../../GitHub/FPS4/SeriousDoomSpil/Content/BluePrints/Audio/DanceWithDevil.uasset" 535
"../../../../../GitHub/FPS4/SeriousDoomSpil/Content/BluePrints/Audio/Sound.uasset" 536
"../../../../../GitHub/FPS4/SeriousDoomSpil/Content/InfinityBladeFireLands/Environments/Fire/Env_Fire_Rocky/Textures/T_Fire_Cliffs_TilingCliffWall_D.uasset" 537
"../../../../../GitHub/FPS4/SeriousDoomSpil/Content/InfinityBladeFireLands/Environments/Fire/Env_Fire_Rocky/Textures/T_Fire_Cliffs_TilingCliffWall_N.uasset" 538
"../../../../../GitHub/FPS4/SeriousDoomSpil/Content/InfinityBladeFireLands/Environments/Fire/Env_Fire_Rocky/Materials/M_Env_Fire_Cliffs_TilingCliffWall.uasset" 539
"../../../../../GitHub/FPS4/SeriousDoomSpil/Content/InfinityBladeFireLands/Environments/Fire/Env_Fire_Rocky/StaticMesh/SM_Env_Fire_Cliffs_CliffWall_03a.uasset" 540
"../../../../../GitHub/FPS4/SeriousDoomSpil/Content/BluePrints/BP_Door.uasset" 541
"../../../../../GitHub/FPS4/SeriousDoomSpil/Content/BluePrints/M_Key.uasset" 542
"../../../Engine/Content/Functions/Engine_MaterialFunctions03/Blends/Blend_Lighten.uasset" 543
"../../../Engine/Content/Functions/Engine_MaterialFunctions03/Blends/Blend_Overlay.uasset" 544
"../../../../../GitHub/FPS4/SeriousDoomSpil/Content/InfinityBladeFireLands/Environments/Fire/Env_Fire_Magma/Textures/T_Env_Fire_Magma01.uasset" 545
"../../../../../GitHub/FPS4/SeriousDoomSpil/Content/InfinityBladeFireLands/Environments/Fire/Env_Fire_Magma/Materials/M_Fire_Lava_Blend.uasset" 546
"../../../../../GitHub/FPS4/SeriousDoomSpil/Content/BluePrints/M_BlueKey.uasset" 547
"../../../../../GitHub/FPS4/SeriousDoomSpil/Content/BluePrints/M_GreenKey.uasset" 548
"../../../../../GitHub/FPS4/SeriousDoomSpil/Content/BluePrints/M_RedKey.uasset" 549
"../../../../../GitHub/FPS4/SeriousDoomSpil/Content/Geometry/Meshes/CubeMaterial.uasset" 550
"../../../../../GitHub/FPS4/SeriousDoomSpil/Content/Geometry/Meshes/1M_Cube.uasset" 551
"../../../../../GitHub/FPS4/SeriousDoomSpil/Content/InfinityBladeEffects/Effects/FX_Meshes/Mobile/SM_Sword.uasset" 552
"../../../../../GitHub/FPS4/SeriousDoomSpil/Content/BluePrints/BP_Key.uasset" 553
"../../../../../GitHub/FPS4/SeriousDoomSpil/Content/InfinityBladeEffects/Effects/FX_Textures/Tile/T_Black_32.uasset" 554
"../../../../../GitHub/FPS4/SeriousDoomSpil/Content/InfinityBladeEffects/Effects/Masters/M_Trans_Sprite_Master.uasset" 555
"../../../../../GitHub/FPS4/SeriousDoomSpil/Content/InfinityBladeEffects/Effects/FX_Textures/Glyph/T_HealHeart_02.uasset" 556
"../../../../../GitHub/FPS4/SeriousDoomSpil/Content/InfinityBladeEffects/Effects/FX_Materials/Glyph/M_Heart_01_INST.uasset" 557
"../../../../../GitHub/FPS4/SeriousDoomSpil/Content/InfinityBladeEffects/Effects/FX_Textures/Gradient/T_starFlare_02.uasset" 558
"../../../../../GitHub/FPS4/SeriousDoomSpil/Content/InfinityBladeEffects/Effects/FX_Materials/Gradient/M_Flare_02_INST.uasset" 559
"../../../../../GitHub/FPS4/SeriousDoomSpil/Content/InfinityBladeEffects/Effects/FX_Textures/Gradient/T_Flare_Streaks_02.uasset" 560
"../../../../../GitHub/FPS4/SeriousDoomSpil/Content/InfinityBladeEffects/Effects/FX_Materials/Gradient/M_Flare_Streak_01_INST.uasset" 561
"../../../../../GitHub/FPS4/SeriousDoomSpil/Content/InfinityBladeEffects/Effects/FX_Meshes/Skills/SM_BlastWave.uasset" 562
"../../../../../GitHub/FPS4/SeriousDoomSpil/Content/InfinityBladeEffects/Effects/FX_Ability/Heal/P_Heal_Aura.uasset" 563
"../../../../../GitHub/FPS4/SeriousDoomSpil/Content/BluePrints/HealthPickup.uasset" 564
"../../../../../GitHub/FPS4/SeriousDoomSpil/Content/BluePrints/Objective1.uasset" 565
"../../../../../GitHub/FPS4/SeriousDoomSpil/Content/InfinityBladeEffects/Effects/FX_Textures/Env/T_CrackedGround_D.uasset" 566
"../../../../../GitHub/FPS4/SeriousDoomSpil/Content/InfinityBladeEffects/Effects/FX_Textures/Env/T_CrackedGround_E.uasset" 567
"../../../../../GitHub/FPS4/SeriousDoomSpil/Content/InfinityBladeEffects/Effects/FX_Materials/Mobile/M_CrackedGround_Fire_Lit.uasset" 568
"../../../../../GitHub/FPS4/SeriousDoomSpil/Content/InfinityBladeEffects/Effects/FX_Materials/Mobile/M_CrackedGround_Fire_Unlit.uasset" 569
"../../../../../GitHub/FPS4/SeriousDoomSpil/Content/BluePrints/Sign.uasset" 570
"../../../../../GitHub/FPS4/SeriousDoomSpil/Content/BluePrints/Sign1.uasset" 571
"../../../../../GitHub/FPS4/SeriousDoomSpil/Content/MapLevel1_sharedassets/BurntGrass2_LayerInfo.uasset" 572
"../../../../../GitHub/FPS4/SeriousDoomSpil/Content/MapLevel1_sharedassets/BurntGrass_LayerInfo.uasset" 573
"../../../../../GitHub/FPS4/SeriousDoomSpil/Content/MapLevel1_sharedassets/DirtRed_LayerInfo.uasset" 574
"../../../../../GitHub/FPS4/SeriousDoomSpil/Content/MapLevel1_sharedassets/DirtRock_LayerInfo.uasset" 575
"../../../../../GitHub/FPS4/SeriousDoomSpil/Content/MapLevel1_sharedassets/RockCliffs_LayerInfo.uasset" 576
"../../../../../GitHub/FPS4/SeriousDoomSpil/Content/MapLevel1_BuiltData.uasset" 577
"../../../../../GitHub/FPS4/SeriousDoomSpil/Content/InfinityBladeFireLands/Environments/Fire/Env_Fire_Rocky/Textures/T_Fire_Cliffs_TilingStone_02_D.uasset" 578
"../../../../../GitHub/FPS4/SeriousDoomSpil/Content/InfinityBladeFireLands/Environments/Fire/Env_Fire_Rocky/Textures/T_Fire_Cliffs_TilingStone_02_N.uasset" 579
"../../../../../GitHub/FPS4/SeriousDoomSpil/Content/InfinityBladeFireLands/Environments/Fire/Env_Fire_Terrain/Textures/T_Env_Fire_Grass_N.uasset" 580
"../../../../../GitHub/FPS4/SeriousDoomSpil/Content/InfinityBladeFireLands/Environments/Fire/Env_Fire_Terrain/Textures/T_Fire_Burnt_Grass_D.uasset" 581
"../../../../../GitHub/FPS4/SeriousDoomSpil/Content/InfinityBladeFireLands/Environments/Fire/Env_Fire_Terrain/Textures/T_Fire_Burnt_Grass_E.uasset" 582
"../../../../../GitHub/FPS4/SeriousDoomSpil/Content/InfinityBladeFireLands/Environments/Fire/Env_Fire_Terrain/Textures/T_Fire_Dirt_Rocky_N.uasset" 583
"../../../../../GitHub/FPS4/SeriousDoomSpil/Content/InfinityBladeFireLands/Environments/Fire/Env_Fire_Terrain/Textures/T_Fire_Dirt_Rocky_Redish_D.uasset" 584
"../../../../../GitHub/FPS4/SeriousDoomSpil/Content/InfinityBladeFireLands/Environments/Fire/Env_Fire_Terrain2/Textures/T_Cooled_Lava_D.uasset" 585
"../../../../../GitHub/FPS4/SeriousDoomSpil/Content/InfinityBladeFireLands/Environments/Fire/Env_Fire_Terrain2/Textures/T_Cooled_Lava_N.uasset" 586
"../../../../../GitHub/FPS4/SeriousDoomSpil/Content/BluePrints/Terrain/FirstLevel_Mat.uasset" 587
"../../../../../GitHub/FPS4/SeriousDoomSpil/Content/InfinityBladeFireLands/Environments/Fire/Env_Fire_Rocky/Textures/T_Env_Ice_PillarArch_N.uasset" 588
"../../../../../GitHub/FPS4/SeriousDoomSpil/Content/InfinityBladeFireLands/Environments/Fire/Env_Fire_Rocky/Textures/T_Fire_PillarArch_D.uasset" 589
"../../../../../GitHub/FPS4/SeriousDoomSpil/Content/InfinityBladeFireLands/Environments/Fire/Env_Fire_Rocky/Textures/T_Fire_PillarArch_E.uasset" 590
"../../../../../GitHub/FPS4/SeriousDoomSpil/Content/InfinityBladeFireLands/Environments/Fire/Env_Fire_Terrain2/Textures/T_Fire_Lava.uasset" 591
"../../../../../GitHub/FPS4/SeriousDoomSpil/Content/InfinityBladeFireLands/Environments/Fire/Env_Fire_Rocky/Materials/M_Fire_Pillar_ARch01.uasset" 592
"../../../../../GitHub/FPS4/SeriousDoomSpil/Content/InfinityBladeFireLands/Environments/Fire/Env_Fire_Magma/Textures/T_Fire_Lava.uasset" 593
"../../../../../GitHub/FPS4/SeriousDoomSpil/Content/InfinityBladeFireLands/Environments/Fire/Env_Fire_Terrain/Materials/M_Fire_Burnt_Grass.uasset" 594
"../../../../../GitHub/FPS4/SeriousDoomSpil/Content/InfinityBladeFireLands/Environments/Fire/Env_Fire_Terrain2/Textures/T_Fire_Lava_2.uasset" 595
"../../../../../GitHub/FPS4/SeriousDoomSpil/Content/InfinityBladeFireLands/Environments/Fire/Env_Fire_Terrain2/Materials/M_Lava_Pulse.uasset" 596
"../../../../../GitHub/FPS4/SeriousDoomSpil/Content/InfinityBladeFireLands/Environments/Fire/MasterMaterials/SimpleMaster.uasset" 597
"../../../../../GitHub/FPS4/SeriousDoomSpil/Content/InfinityBladeFireLands/Environments/Fire/Env_Fire_Terrain2/Materials/M_Cooled_Lava_Inst.uasset" 598
"../../../Engine/Content/MapTemplates/SM_Template_Map_Floor.uasset" 599
"../../../../../GitHub/FPS4/SeriousDoomSpil/Content/InfinityBladeEffects/Effects/FX_Textures/Gradient/T_LightCone.uasset" 600
"../../../../../GitHub/FPS4/SeriousDoomSpil/Content/InfinityBladeEffects/Effects/FX_Materials/Gradient/M_Flare_Vertical_02_Inst.uasset" 601
"../../../../../GitHub/FPS4/SeriousDoomSpil/Content/InfinityBladeEffects/Effects/FX_Textures/Gradient/T_GlowNoise_01.uasset" 602
"../../../../../GitHub/FPS4/SeriousDoomSpil/Content/InfinityBladeEffects/Effects/FX_Materials/M_Shockwave_03_Add_INST.uasset" 603
"../../../../../GitHub/FPS4/SeriousDoomSpil/Content/InfinityBladeEffects/Effects/FX_Mobile/Fire/combat/P_Circle_ChargeUp_Fire_Phase2.uasset" 604
"../../../../../GitHub/FPS4/SeriousDoomSpil/Content/InfinityBladeFireLands/Environments/Fire/Env_Fire_OddsnEnds/Textures/T_Env_Fire_OddsnEnds_FloorPillar_D.uasset" 605
"../../../../../GitHub/FPS4/SeriousDoomSpil/Content/InfinityBladeFireLands/Environments/Fire/Env_Fire_OddsnEnds/Textures/T_Env_Fire_OddsnEnds_FloorPillar_N.uasset" 606
"../../../../../GitHub/FPS4/SeriousDoomSpil/Content/InfinityBladeFireLands/Environments/Fire/Env_Fire_OddsnEnds/Materials/M_Fire_OddsnEnds_FloorPillar.uasset" 607
"../../../../../GitHub/FPS4/SeriousDoomSpil/Content/InfinityBladeFireLands/Environments/Fire/Env_Fire_OddsnEnds/StaticMesh/SM_Env_Fire_OddsnEnds_Arch1a.uasset" 608
"../../../../../GitHub/FPS4/SeriousDoomSpil/Content/InfinityBladeFireLands/Environments/Fire/Env_Fire_Rocky/StaticMesh/SM_Env_Fire_Cliffs_CliffWall_01b.uasset" 609
"../../../../../GitHub/FPS4/SeriousDoomSpil/Content/InfinityBladeFireLands/Environments/Fire/Env_Fire_Rocky/StaticMesh/SM_Env_Fire_Cliffs_CliffWall_03b.uasset" 610
"../../../../../GitHub/FPS4/SeriousDoomSpil/Content/InfinityBladeFireLands/Environments/Fire/Env_Fire_Rocky/StaticMesh/SM_Env_Fire_Cliffs_CliffWall_06a.uasset" 611
"../../../../../GitHub/FPS4/SeriousDoomSpil/Content/InfinityBladeFireLands/Environments/Fire/Env_Fire_Rocky/StaticMesh/SM_Env_Fire_Cliffs_CliffWall_06b.uasset" 612
"../../../../../GitHub/FPS4/SeriousDoomSpil/Content/InfinityBladeFireLands/Environments/Fire/Env_Fire_Rocky/Textures/T_Iron_D.uasset" 613
"../../../../../GitHub/FPS4/SeriousDoomSpil/Content/InfinityBladeFireLands/Environments/Fire/Env_Fire_Rocky/Textures/T_Iron_N.uasset" 614
"../../../../../GitHub/FPS4/SeriousDoomSpil/Content/InfinityBladeFireLands/Environments/Fire/Env_Fire_Rocky/Materials/M_Fire_Fort_Iron_1.uasset" 615
"../../../../../GitHub/FPS4/SeriousDoomSpil/Content/InfinityBladeFireLands/Environments/Fire/Env_Fire_Rocky/Textures/T_Fire_Trim_D.uasset" 616
"../../../../../GitHub/FPS4/SeriousDoomSpil/Content/InfinityBladeFireLands/Environments/Fire/Env_Fire_Rocky/Textures/T_Ice_Fort_Trim_1_N.uasset" 617
"../../../../../GitHub/FPS4/SeriousDoomSpil/Content/InfinityBladeFireLands/Environments/Fire/Env_Fire_Rocky/Materials/M_Fire_Fort_Trim_1.uasset" 618
"../../../../../GitHub/FPS4/SeriousDoomSpil/Content/InfinityBladeFireLands/Environments/Fire/Env_Fire_Rocky/StaticMesh/SM_Fire_Fort_Penta_Plat_2.uasset" 619
"../../../../../GitHub/FPS4/SeriousDoomSpil/Content/InfinityBladeFireLands/Environments/Fire/Env_Fire_Rocky/Textures/T_Fire_Pillar_D.uasset" 620
"../../../../../GitHub/FPS4/SeriousDoomSpil/Content/InfinityBladeFireLands/Environments/Fire/Env_Fire_Rocky/Textures/T_Fire_Pillar_M.uasset" 621
"../../../../../GitHub/FPS4/SeriousDoomSpil/Content/InfinityBladeFireLands/Environments/Fire/Env_Fire_Rocky/Textures/T_Ice_Fort_Pillar_1_N.uasset" 622
"../../../../../GitHub/FPS4/SeriousDoomSpil/Content/InfinityBladeFireLands/Environments/Fire/Env_Fire_Rocky/Materials/M_Env_Fire_Pillar_1.uasset" 623
"../../../../../GitHub/FPS4/SeriousDoomSpil/Content/InfinityBladeFireLands/Environments/Fire/Env_Fire_Rocky/StaticMesh/SM_Fire_Fort_Pillar_1f.uasset" 624
"../../../../../GitHub/FPS4/SeriousDoomSpil/Content/InfinityBladeFireLands/Environments/Fire/Env_Fire_Rocky/StaticMesh/SM_Fire_Fort_Pillar_2.uasset" 625
"../../../../../GitHub/FPS4/SeriousDoomSpil/Content/InfinityBladeFireLands/Environments/Fire/Env_Fire_Rocky/StaticMesh/SM_Fire_Fort_Pillar_4c.uasset" 626
"../../../../../GitHub/FPS4/SeriousDoomSpil/Content/InfinityBladeFireLands/Environments/Fire/Env_Fire_Rocky/Textures/T_Fire_Wall_D.uasset" 627
"../../../../../GitHub/FPS4/SeriousDoomSpil/Content/InfinityBladeFireLands/Environments/Fire/Env_Fire_Rocky/Textures/T_Ice_Fort_Wall_1_N.uasset" 628
"../../../../../GitHub/FPS4/SeriousDoomSpil/Content/InfinityBladeFireLands/Environments/Fire/Env_Fire_Rocky/Materials/M_Fire_Fort_Wall_1.uasset" 629
"../../../../../GitHub/FPS4/SeriousDoomSpil/Content/InfinityBladeFireLands/Environments/Fire/Env_Fire_Rocky/StaticMesh/SM_Fire_Fort_Wall_1.uasset" 630
"../../../../../GitHub/FPS4/SeriousDoomSpil/Content/InfinityBladeFireLands/Environments/Fire/Env_Fire_Rocky/StaticMesh/SM_Fire_PillarArch001.uasset" 631
"../../../../../GitHub/FPS4/SeriousDoomSpil/Content/InfinityBladeFireLands/Environments/Fire/Env_Fire_Rocky/StaticMesh/SM_Fire_PillarArch002.uasset" 632
"../../../../../GitHub/FPS4/SeriousDoomSpil/Content/InfinityBladeFireLands/Environments/Fire/Env_Fire_Rocky/StaticMesh/SM_Fire_PillarArch002_Broken.uasset" 633
"../../../../../GitHub/FPS4/SeriousDoomSpil/Content/InfinityBladeFireLands/Environments/Fire/Env_Fire_Rocky/StaticMesh/SM_Fire_PillarArch003_Broken.uasset" 634
"../../../../../GitHub/FPS4/SeriousDoomSpil/Content/InfinityBladeFireLands/Environments/Fire/Env_Fire_Rocky/Textures/T_Env_Fire_Rocky_TreasureChest2_D.uasset" 635
"../../../../../GitHub/FPS4/SeriousDoomSpil/Content/InfinityBladeFireLands/Environments/Fire/Env_Fire_Rocky/Textures/T_Env_Fire_Rocky_TreasureChest2_M.uasset" 636
"../../../../../GitHub/FPS4/SeriousDoomSpil/Content/InfinityBladeFireLands/Environments/Fire/Env_Fire_Rocky/Textures/T_Env_Fire_Rocky_TreasureChest2_N.uasset" 637
"../../../../../GitHub/FPS4/SeriousDoomSpil/Content/InfinityBladeFireLands/Environments/Fire/Env_Fire_Rocky/Materials/M_Fire_Rocky_Treasure.uasset" 638
"../../../../../GitHub/FPS4/SeriousDoomSpil/Content/InfinityBladeFireLands/Environments/Fire/Env_Fire_Rocky/StaticMesh/SM_Fire_Rocky_TreasureChest2.uasset" 639
"../../../../../GitHub/FPS4/SeriousDoomSpil/Content/InfinityBladeFireLands/Environments/Fire/Env_Fire_Rocky/Textures/T_Fire_RuinedWalls_D.uasset" 640
"../../../../../GitHub/FPS4/SeriousDoomSpil/Content/InfinityBladeFireLands/Environments/Fire/Env_Fire_Rocky/Textures/T_Ice_RuinedWalls_N.uasset" 641
"../../../../../GitHub/FPS4/SeriousDoomSpil/Content/InfinityBladeFireLands/Environments/Fire/Env_Fire_Rocky/Materials/M_Env_Fire_RuinedWalls.uasset" 642
"../../../../../GitHub/FPS4/SeriousDoomSpil/Content/InfinityBladeFireLands/Environments/Fire/Env_Fire_Rocky/Textures/T_Fire_Accents_D.uasset" 643
"../../../../../GitHub/FPS4/SeriousDoomSpil/Content/InfinityBladeFireLands/Environments/Fire/Env_Fire_Rocky/Textures/T_Fire_Accents_N.uasset" 644
"../../../../../GitHub/FPS4/SeriousDoomSpil/Content/InfinityBladeFireLands/Environments/Fire/Env_Fire_Rocky/Materials/M_Fire_Accents.uasset" 645
"../../../../../GitHub/FPS4/SeriousDoomSpil/Content/InfinityBladeFireLands/Environments/Fire/Env_Fire_Rocky/StaticMesh/SM_Fire_RuinedSteps001.uasset" 646
"../../../../../GitHub/FPS4/SeriousDoomSpil/Content/InfinityBladeFireLands/Environments/Fire/Env_Fire_Rocky/Textures/T_Fire_Tree_Stump_1_D.uasset" 647
"../../../../../GitHub/FPS4/SeriousDoomSpil/Content/InfinityBladeFireLands/Environments/Fire/Env_Fire_Rocky/Textures/T_Fire_Tree_Stump_1_N.uasset" 648
"../../../../../GitHub/FPS4/SeriousDoomSpil/Content/InfinityBladeFireLands/Environments/Fire/Env_Fire_Rocky/Textures/T_Fire_Treestump_1_E.uasset" 649
"../../../../../GitHub/FPS4/SeriousDoomSpil/Content/InfinityBladeFireLands/Environments/Fire/Env_Fire_Rocky/Materials/M_Fire_Tree_Stump_glow.uasset" 650
"../../../../../GitHub/FPS4/SeriousDoomSpil/Content/InfinityBladeFireLands/Environments/Fire/Env_Fire_Rocky/StaticMesh/SM_Fire_Stump_2.uasset" 651
"../../../../../GitHub/FPS4/SeriousDoomSpil/Content/InfinityBladeFireLands/Environments/Fire/Env_Fire_Rocky/StaticMesh/SM_Fire_Wing_Arch.uasset" 652
"../../../../../GitHub/FPS4/SeriousDoomSpil/Content/InfinityBladeFireLands/Environments/Fire/Fire_Fortress/Textures/Fire_Blocks_D.uasset" 653
"../../../../../GitHub/FPS4/SeriousDoomSpil/Content/InfinityBladeFireLands/Environments/Fire/Fire_Fortress/Textures/Fire_Blocks_N.uasset" 654
"../../../../../GitHub/FPS4/SeriousDoomSpil/Content/InfinityBladeFireLands/Environments/Fire/Fire_Fortress/Materials/M_Lava_Blocks_1.uasset" 655
"../../../../../GitHub/FPS4/SeriousDoomSpil/Content/InfinityBladeFireLands/Environments/Fire/Fire_Fortress/SM/Fire_Lava_Blocks_1.uasset" 656
"../../../../../GitHub/FPS4/SeriousDoomSpil/Content/InfinityBladeFireLands/Environments/Fire/Fire_Fortress/Textures/Fire_Crucible_D.uasset" 657
"../../../../../GitHub/FPS4/SeriousDoomSpil/Content/InfinityBladeFireLands/Environments/Fire/Fire_Fortress/Textures/Fire_Crucible_E.uasset" 658
"../../../../../GitHub/FPS4/SeriousDoomSpil/Content/InfinityBladeFireLands/Environments/Fire/Fire_Fortress/Textures/Fire_Crucible_N.uasset" 659
"../../../../../GitHub/FPS4/SeriousDoomSpil/Content/InfinityBladeFireLands/Environments/Fire/Fire_Fortress/Textures/T_Crucible_2_M.uasset" 660
"../../../../../GitHub/FPS4/SeriousDoomSpil/Content/InfinityBladeFireLands/Environments/Fire/Fire_Fortress/Materials/M_Crucible_1.uasset" 661
"../../../../../GitHub/FPS4/SeriousDoomSpil/Content/InfinityBladeFireLands/Environments/Fire/Fire_Fortress/SM/SM_Fire_Floor_Detail_Burner_Off.uasset" 662
"../../../../../GitHub/FPS4/SeriousDoomSpil/Content/StarterContent/Materials/M_Basic_Floor.uasset" 663
"../../../../../GitHub/FPS4/SeriousDoomSpil/Content/StarterContent/Architecture/Floor_400x400.uasset" 664
"../../../../../GitHub/FPS4/SeriousDoomSpil/Content/MapLevel1.umap" 665
"../../../../../GitHub/FPS4/SeriousDoomSpil/Content/StarterContent/Audio/Explosion_Cue.uasset" 666
"../../../../../GitHub/FPS4/SeriousDoomSpil/Content/StarterContent/Materials/M_Basic_Wall.uasset" 667
"../../../../../GitHub/FPS4/SeriousDoomSpil/Content/StarterContent/Shapes/Shape_Sphere.uasset" 668
"../../../../../GitHub/FPS4/SeriousDoomSpil/Content/BluePrints/EnemyProjectile.uasset" 669
"../../../Engine/Content/BasicShapes/Sphere.uasset" 670
"../../../../../GitHub/FPS4/SeriousDoomSpil/Content/BluePrints/AI/EnemyShooter.uasset" 671
"../../../../../GitHub/FPS4/SeriousDoomSpil/Content/BluePrints/HUD/M4A1_Pickup.uasset" 672
"../../../../../GitHub/FPS4/SeriousDoomSpil/Content/BluePrints/Weapons/M4A1/M4A1_weapon002.uasset" 673
"../../../../../GitHub/FPS4/SeriousDoomSpil/Content/BluePrints/M4A1_Pickup.uasset" 674
"../../../../../GitHub/FPS4/SeriousDoomSpil/Content/ThirdPersonBP/Maps/ThirdPersonExampleMap_BuiltData.uasset" 675
"../../../../../GitHub/FPS4/SeriousDoomSpil/Content/Geometry/Meshes/1M_Cube_Chamfer.uasset" 676
"../../../../../GitHub/FPS4/SeriousDoomSpil/Content/Geometry/Meshes/TemplateFloor.uasset" 677
"../../../../../GitHub/FPS4/SeriousDoomSpil/Content/ThirdPerson/Meshes/RampMaterial.uasset" 678
"../../../../../GitHub/FPS4/SeriousDoomSpil/Content/ThirdPerson/Meshes/Bump_StaticMesh.uasset" 679
"../../../../../GitHub/FPS4/SeriousDoomSpil/Content/ThirdPerson/Meshes/LeftArm_StaticMesh.uasset" 680
"../../../../../GitHub/FPS4/SeriousDoomSpil/Content/ThirdPerson/Meshes/Linear_Stair_StaticMesh.uasset" 681
"../../../../../GitHub/FPS4/SeriousDoomSpil/Content/ThirdPerson/Meshes/Ramp_StaticMesh.uasset" 682
"../../../../../GitHub/FPS4/SeriousDoomSpil/Content/ThirdPerson/Meshes/RightArm_StaticMesh.uasset" 683
"../../../../../GitHub/FPS4/SeriousDoomSpil/Content/ThirdPersonBP/Maps/ThirdPersonExampleMap.umap" 684
